#
# There is insufficient memory for the Java Runtime Environment to continue.
# Native memory allocation (malloc) failed to allocate 1488736 bytes for Chunk::new
# Possible reasons:
#   The system is out of physical RAM or swap space
#   In 32 bit mode, the process size limit was hit
# Possible solutions:
#   Reduce memory load on the system
#   Increase physical memory or swap space
#   Check if swap backing store is full
#   Use 64 bit Java on a 64 bit OS
#   Decrease Java heap size (-Xmx/-Xms)
#   Decrease number of Java threads
#   Decrease Java thread stack sizes (-Xss)
#   Set larger code cache with -XX:ReservedCodeCacheSize=
# This output file may be truncated or incomplete.
#
#  Out of Memory Error (allocation.cpp:390), pid=28080, tid=0x000000000000846c
#
# JRE version: Java(TM) SE Runtime Environment (8.0_181-b13) (build 1.8.0_181-b13)
# Java VM: Java HotSpot(TM) 64-Bit Server VM (25.181-b13 mixed mode windows-amd64 compressed oops)
# Failed to write core dump. Minidumps are not enabled by default on client versions of Windows
#

---------------  T H R E A D  ---------------

Current thread (0x000000001d743800):  JavaThread "C2 CompilerThread0" daemon [_thread_in_native, id=33900, stack(0x000000001de00000,0x000000001df00000)]

Stack: [0x000000001de00000,0x000000001df00000]
[error occurred during error reporting (printing stack bounds), id 0xc0000005]

Native frames: (J=compiled Java code, j=interpreted, Vv=VM code, C=native code)


Current CompileTask:
C2:  11806 5312   !   4       org.apache.catalina.startup.ContextConfig::populateJavaClassCache (159 bytes)


---------------  P R O C E S S  ---------------

Java Threads: ( => current thread )
  0x00000000214a1800 JavaThread "Unknown thread" [_thread_in_native, id=18532, stack(0x000000002a270000,0x000000002a370000)]
  0x000000001eae5000 
[error occurred during error reporting (printing all threads), id 0xc0000005]

VM state:at safepoint (normal execution)

VM Mutex/Monitor currently owned by a thread:  ([mutex/lock_event])
[0x0000000002c301d0] Threads_lock - owner thread: 0x000000001c317800
[0x0000000002c32760] Heap_lock - owner thread: 0x000000001eae5000

Heap:
 PSYoungGen      total 385024K, used 30577K [0x000000076b400000, 0x0000000786d00000, 0x00000007c0000000)
  eden space 336384K, 0% used [0x000000076b400000,0x000000076b400000,0x000000077fc80000)
  from space 48640K, 62% used [0x000000077fc80000,0x0000000781a5c738,0x0000000782c00000)
  to   space 37888K, 0% used [0x0000000782c00000,0x0000000782c00000,0x0000000785100000)
 ParOldGen       total 94208K, used 67549K [0x00000006c1c00000, 0x00000006c7800000, 0x000000076b400000)
  object space 94208K, 71% used [0x00000006c1c00000,0x00000006c5df7450,0x00000006c7800000)
 Metaspace       used 34558K, capacity 35336K, committed 35496K, reserved 1081344K
  class space    used 4088K, capacity 4324K, committed 4352K, reserved 1048576K

Card table byte_map: [0x00000000120f0000,0x00000000128f0000] byte_map_base: 0x000000000eae2000

Marking Bits: (ParMarkBitMap*) 0x0000000057142d00
 Begin Bits: [0x0000000013240000, 0x00000000171d0000)
 End Bits:   [0x00000000171d0000, 0x000000001b160000)

Polling page: 0x0000000001020000

CodeCache: size=245760Kb used=16173Kb max_used=16716Kb free=229586Kb
 bounds [0x0000000002d30000, 0x0000000003dd0000, 0x0000000011d30000]
 total_blobs=5185 nmethods=4726 adapters=371
 compilation: enabled

Compilation events (10 events):
Event: 11.634 Thread 0x000000001d7a7800 5676  s!   2       org.apache.catalina.loader.WebappClassLoader::loadClass (617 bytes)
Event: 11.637 Thread 0x000000001d7a7800 nmethod 5676 0x000000000342fa90 code [0x000000000342ff60, 0x0000000003431cc8]
Event: 11.637 Thread 0x000000001d7a7800 5675   !   2       org.apache.catalina.loader.WebappClassLoader::findClassInternal (524 bytes)
Event: 11.639 Thread 0x000000001d7a7800 nmethod 5675 0x0000000003c7a250 code [0x0000000003c7a660, 0x0000000003c7bef8]
Event: 11.639 Thread 0x000000001d7a7800 5678       1       java.lang.invoke.MethodTypeForm::basicType (5 bytes)
Event: 11.639 Thread 0x000000001d7a7800 nmethod 5678 0x0000000003c79f90 code [0x0000000003c7a0e0, 0x0000000003c7a1f0]
Event: 11.660 Thread 0x000000001d7a7800 5679       1       org.apache.log4j.CategoryKey::hashCode (5 bytes)
Event: 11.660 Thread 0x000000001d7a7800 nmethod 5679 0x0000000003c79cd0 code [0x0000000003c79e20, 0x0000000003c79f30]
Event: 11.665 Thread 0x000000001d7a7800 5680   !   2       java.io.PrintStream::write (66 bytes)
Event: 11.666 Thread 0x000000001d7a7800 nmethod 5680 0x0000000003c79350 code [0x0000000003c79500, 0x0000000003c799b8]

GC Heap History (10 events):
Event: 6.863 GC heap after
Heap after GC invocations=6 (full 1):
 PSYoungGen      total 141824K, used 10736K [0x000000076b400000, 0x000000077a400000, 0x00000007c0000000)
  eden space 131072K, 0% used [0x000000076b400000,0x000000076b400000,0x0000000773400000)
  from space 10752K, 99% used [0x0000000773400000,0x0000000773e7c318,0x0000000773e80000)
  to   space 14336K, 0% used [0x0000000779600000,0x0000000779600000,0x000000077a400000)
 ParOldGen       total 94208K, used 13931K [0x00000006c1c00000, 0x00000006c7800000, 0x000000076b400000)
  object space 94208K, 14% used [0x00000006c1c00000,0x00000006c299ae60,0x00000006c7800000)
 Metaspace       used 24720K, capacity 25422K, committed 25728K, reserved 1071104K
  class space    used 2923K, capacity 3087K, committed 3200K, reserved 1048576K
}
Event: 8.884 GC heap before
{Heap before GC invocations=7 (full 1):
 PSYoungGen      total 141824K, used 141808K [0x000000076b400000, 0x000000077a400000, 0x00000007c0000000)
  eden space 131072K, 100% used [0x000000076b400000,0x0000000773400000,0x0000000773400000)
  from space 10752K, 99% used [0x0000000773400000,0x0000000773e7c318,0x0000000773e80000)
  to   space 14336K, 0% used [0x0000000779600000,0x0000000779600000,0x000000077a400000)
 ParOldGen       total 94208K, used 13931K [0x00000006c1c00000, 0x00000006c7800000, 0x000000076b400000)
  object space 94208K, 14% used [0x00000006c1c00000,0x00000006c299ae60,0x00000006c7800000)
 Metaspace       used 30990K, capacity 31690K, committed 31872K, reserved 1077248K
  class space    used 3652K, capacity 3854K, committed 3968K, reserved 1048576K
Event: 8.917 GC heap after
Heap after GC invocations=7 (full 1):
 PSYoungGen      total 220672K, used 14305K [0x000000076b400000, 0x000000077b480000, 0x00000007c0000000)
  eden space 206336K, 0% used [0x000000076b400000,0x000000076b400000,0x0000000777d80000)
  from space 14336K, 99% used [0x0000000779600000,0x000000077a3f84e0,0x000000077a400000)
  to   space 25088K, 0% used [0x0000000777d80000,0x0000000777d80000,0x0000000779600000)
 ParOldGen       total 94208K, used 30297K [0x00000006c1c00000, 0x00000006c7800000, 0x000000076b400000)
  object space 94208K, 32% used [0x00000006c1c00000,0x00000006c3996450,0x00000006c7800000)
 Metaspace       used 30990K, capacity 31690K, committed 31872K, reserved 1077248K
  class space    used 3652K, capacity 3854K, committed 3968K, reserved 1048576K
}
Event: 9.680 GC heap before
{Heap before GC invocations=8 (full 1):
 PSYoungGen      total 220672K, used 220641K [0x000000076b400000, 0x000000077b480000, 0x00000007c0000000)
  eden space 206336K, 100% used [0x000000076b400000,0x0000000777d80000,0x0000000777d80000)
  from space 14336K, 99% used [0x0000000779600000,0x000000077a3f84e0,0x000000077a400000)
  to   space 25088K, 0% used [0x0000000777d80000,0x0000000777d80000,0x0000000779600000)
 ParOldGen       total 94208K, used 30297K [0x00000006c1c00000, 0x00000006c7800000, 0x000000076b400000)
  object space 94208K, 32% used [0x00000006c1c00000,0x00000006c3996450,0x00000006c7800000)
 Metaspace       used 31016K, capacity 31832K, committed 32128K, reserved 1077248K
  class space    used 3655K, capacity 3856K, committed 3968K, reserved 1048576K
Event: 9.738 GC heap after
Heap after GC invocations=8 (full 1):
 PSYoungGen      total 231424K, used 25069K [0x000000076b400000, 0x0000000785100000, 0x00000007c0000000)
  eden space 206336K, 0% used [0x000000076b400000,0x000000076b400000,0x0000000777d80000)
  from space 25088K, 99% used [0x0000000777d80000,0x00000007795fb648,0x0000000779600000)
  to   space 37888K, 0% used [0x0000000782c00000,0x0000000782c00000,0x0000000785100000)
 ParOldGen       total 94208K, used 47043K [0x00000006c1c00000, 0x00000006c7800000, 0x000000076b400000)
  object space 94208K, 49% used [0x00000006c1c00000,0x00000006c49f0db8,0x00000006c7800000)
 Metaspace       used 31016K, capacity 31832K, committed 32128K, reserved 1077248K
  class space    used 3655K, capacity 3856K, committed 3968K, reserved 1048576K
}
Event: 10.490 GC heap before
{Heap before GC invocations=9 (full 1):
 PSYoungGen      total 231424K, used 231405K [0x000000076b400000, 0x0000000785100000, 0x00000007c0000000)
  eden space 206336K, 100% used [0x000000076b400000,0x0000000777d80000,0x0000000777d80000)
  from space 25088K, 99% used [0x0000000777d80000,0x00000007795fb648,0x0000000779600000)
  to   space 37888K, 0% used [0x0000000782c00000,0x0000000782c00000,0x0000000785100000)
 ParOldGen       total 94208K, used 47043K [0x00000006c1c00000, 0x00000006c7800000, 0x000000076b400000)
  object space 94208K, 49% used [0x00000006c1c00000,0x00000006c49f0db8,0x00000006c7800000)
 Metaspace       used 31017K, capacity 31832K, committed 32128K, reserved 1077248K
  class space    used 3655K, capacity 3856K, committed 3968K, reserved 1048576K
Event: 10.545 GC heap after
Heap after GC invocations=9 (full 1):
 PSYoungGen      total 374272K, used 37869K [0x000000076b400000, 0x0000000786d00000, 0x00000007c0000000)
  eden space 336384K, 0% used [0x000000076b400000,0x000000076b400000,0x000000077fc80000)
  from space 37888K, 99% used [0x0000000782c00000,0x00000007850fb6d0,0x0000000785100000)
  to   space 48640K, 0% used [0x000000077fc80000,0x000000077fc80000,0x0000000782c00000)
 ParOldGen       total 94208K, used 57190K [0x00000006c1c00000, 0x00000006c7800000, 0x000000076b400000)
  object space 94208K, 60% used [0x00000006c1c00000,0x00000006c53d99b0,0x00000006c7800000)
 Metaspace       used 31017K, capacity 31832K, committed 32128K, reserved 1077248K
  class space    used 3655K, capacity 3856K, committed 3968K, reserved 1048576K
}
Event: 11.691 GC heap before
{Heap before GC invocations=10 (full 1):
 PSYoungGen      total 374272K, used 233222K [0x000000076b400000, 0x0000000786d00000, 0x00000007c0000000)
  eden space 336384K, 58% used [0x000000076b400000,0x00000007772c6180,0x000000077fc80000)
  from space 37888K, 99% used [0x0000000782c00000,0x00000007850fb6d0,0x0000000785100000)
  to   space 48640K, 0% used [0x000000077fc80000,0x000000077fc80000,0x0000000782c00000)
 ParOldGen       total 94208K, used 57190K [0x00000006c1c00000, 0x00000006c7800000, 0x000000076b400000)
  object space 94208K, 60% used [0x00000006c1c00000,0x00000006c53d99b0,0x00000006c7800000)
 Metaspace       used 34558K, capacity 35336K, committed 35496K, reserved 1081344K
  class space    used 4088K, capacity 4324K, committed 4352K, reserved 1048576K
Event: 11.738 GC heap after
Heap after GC invocations=10 (full 1):
 PSYoungGen      total 385024K, used 30577K [0x000000076b400000, 0x0000000786d00000, 0x00000007c0000000)
  eden space 336384K, 0% used [0x000000076b400000,0x000000076b400000,0x000000077fc80000)
  from space 48640K, 62% used [0x000000077fc80000,0x0000000781a5c738,0x0000000782c00000)
  to   space 37888K, 0% used [0x0000000782c00000,0x0000000782c00000,0x0000000785100000)
 ParOldGen       total 94208K, used 67549K [0x00000006c1c00000, 0x00000006c7800000, 0x000000076b400000)
  object space 94208K, 71% used [0x00000006c1c00000,0x00000006c5df7450,0x00000006c7800000)
 Metaspace       used 34558K, capacity 35336K, committed 35496K, reserved 1081344K
  class space    used 4088K, capacity 4324K, committed 4352K, reserved 1048576K
}
Event: 11.738 GC heap before
{Heap before GC invocations=11 (full 2):
 PSYoungGen      total 385024K, used 30577K [0x000000076b400000, 0x0000000786d00000, 0x00000007c0000000)
  eden space 336384K, 0% used [0x000000076b400000,0x000000076b400000,0x000000077fc80000)
  from space 48640K, 62% used [0x000000077fc80000,0x0000000781a5c738,0x0000000782c00000)
  to   space 37888K, 0% used [0x0000000782c00000,0x0000000782c00000,0x0000000785100000)
 ParOldGen       total 94208K, used 67549K [0x00000006c1c00000, 0x00000006c7800000, 0x000000076b400000)
  object space 94208K, 71% used [0x00000006c1c00000,0x00000006c5df7450,0x00000006c7800000)
 Metaspace       used 34558K, capacity 35336K, committed 35496K, reserved 1081344K
  class space    used 4088K, capacity 4324K, committed 4352K, reserved 1048576K

Deoptimization events (10 events):
Event: 11.327 Thread 0x000000001eae5000 Uncommon trap: reason=unstable_if action=reinterpret pc=0x0000000003376268 method=com.sun.org.apache.xerces.internal.impl.XMLEntityScanner.scanContent(Lcom/sun/org/apache/xerces/internal/xni/XMLString;)I @ 418
Event: 11.466 Thread 0x000000001eae5000 Uncommon trap: reason=unstable_if action=reinterpret pc=0x000000000328a1e4 method=java.util.ArrayList.toArray([Ljava/lang/Object;)[Ljava/lang/Object; @ 48
Event: 11.476 Thread 0x000000001eae5000 Uncommon trap: reason=predicate action=maybe_recompile pc=0x0000000003133f10 method=java.lang.String.regionMatches(ZILjava/lang/String;II)Z @ 63
Event: 11.594 Thread 0x000000001eae5000 Uncommon trap: reason=unstable_if action=reinterpret pc=0x0000000003275674 method=java.lang.AbstractStringBuilder.append(Ljava/lang/String;)Ljava/lang/AbstractStringBuilder; @ 1
Event: 11.594 Thread 0x000000001eae5000 Uncommon trap: reason=class_check action=maybe_recompile pc=0x00000000034869c4 method=java.util.Hashtable.addEntry(ILjava/lang/Object;Ljava/lang/Object;I)V @ 38
Event: 11.595 Thread 0x000000001eae5000 Uncommon trap: reason=class_check action=maybe_recompile pc=0x00000000034869c4 method=java.util.Hashtable.addEntry(ILjava/lang/Object;Ljava/lang/Object;I)V @ 38
Event: 11.613 Thread 0x000000001eae5000 Uncommon trap: reason=unstable_if action=reinterpret pc=0x00000000033379cc method=java.io.BufferedOutputStream.write(I)V @ 9
Event: 11.639 Thread 0x000000001eae5000 Uncommon trap: reason=unstable_if action=reinterpret pc=0x00000000033046b8 method=sun.misc.Launcher$AppClassLoader.loadClass(Ljava/lang/String;Z)Ljava/lang/Class; @ 9
Event: 11.658 Thread 0x000000001eae5000 Uncommon trap: reason=class_check action=maybe_recompile pc=0x00000000034869c4 method=java.util.Hashtable.addEntry(ILjava/lang/Object;Ljava/lang/Object;I)V @ 38
Event: 11.665 Thread 0x000000001eae5000 Uncommon trap: reason=unstable_if action=reinterpret pc=0x00000000030741b0 method=java.io.BufferedOutputStream.write(I)V @ 9

Classes redefined (0 events):
No events

Internal exceptions (10 events):
Event: 11.577 Thread 0x000000001eae5000 Exception <a 'java/lang/ClassNotFoundException': org/apache/log4j/AppenderSkeletonBeanInfo> (0x0000000776af8d40) thrown at [C:\re\workspace\8-2-build-windows-amd64-cygwin\jdk8u181\11358\hotspot\src\share\vm\classfile\systemDictionary.cpp, line 210]
Event: 11.578 Thread 0x000000001eae5000 Exception <a 'java/lang/ClassNotFoundException': org/apache/log4j/AppenderSkeletonCustomizer> (0x0000000776b12b68) thrown at [C:\re\workspace\8-2-build-windows-amd64-cygwin\jdk8u181\11358\hotspot\src\share\vm\classfile\systemDictionary.cpp, line 210]
Event: 11.582 Thread 0x000000001eae5000 Exception <a 'java/lang/ClassNotFoundException': org/apache/log4j/WriterAppenderCustomizer> (0x0000000776b40ab8) thrown at [C:\re\workspace\8-2-build-windows-amd64-cygwin\jdk8u181\11358\hotspot\src\share\vm\classfile\systemDictionary.cpp, line 210]
Event: 11.584 Thread 0x000000001eae5000 Exception <a 'java/lang/ClassNotFoundException': org/apache/log4j/ConsoleAppenderCustomizer> (0x0000000776b65e68) thrown at [C:\re\workspace\8-2-build-windows-amd64-cygwin\jdk8u181\11358\hotspot\src\share\vm\classfile\systemDictionary.cpp, line 210]
Event: 11.589 Thread 0x000000001eae5000 Exception <a 'java/lang/ClassNotFoundException': org/apache/log4j/RollingFileAppenderBeanInfo> (0x0000000776bbbd10) thrown at [C:\re\workspace\8-2-build-windows-amd64-cygwin\jdk8u181\11358\hotspot\src\share\vm\classfile\systemDictionary.cpp, line 210]
Event: 11.590 Thread 0x000000001eae5000 Exception <a 'java/lang/ClassNotFoundException': org/apache/log4j/FileAppenderBeanInfo> (0x0000000776bd3e10) thrown at [C:\re\workspace\8-2-build-windows-amd64-cygwin\jdk8u181\11358\hotspot\src\share\vm\classfile\systemDictionary.cpp, line 210]
Event: 11.590 Thread 0x000000001eae5000 Exception <a 'java/lang/ClassNotFoundException': org/apache/log4j/FileAppenderCustomizer> (0x0000000776bec4a8) thrown at [C:\re\workspace\8-2-build-windows-amd64-cygwin\jdk8u181\11358\hotspot\src\share\vm\classfile\systemDictionary.cpp, line 210]
Event: 11.592 Thread 0x000000001eae5000 Exception <a 'java/lang/ClassNotFoundException': org/apache/log4j/RollingFileAppenderCustomizer> (0x0000000776c133c0) thrown at [C:\re\workspace\8-2-build-windows-amd64-cygwin\jdk8u181\11358\hotspot\src\share\vm\classfile\systemDictionary.cpp, line 210]
Event: 11.594 Thread 0x000000001eae5000 Implicit null exception at 0x0000000003275122 to 0x0000000003275665
Event: 11.656 Thread 0x000000001eae5000 Exception <a 'java/io/FileNotFoundException'> (0x0000000776f4cd18) thrown at [C:\re\workspace\8-2-build-windows-amd64-cygwin\jdk8u181\11358\hotspot\src\share\vm\prims\jni.cpp, line 709]

Events (10 events):
Event: 11.689 loading class org/springframework/beans/factory/NoUniqueBeanDefinitionException done
Event: 11.690 loading class org/springframework/beans/factory/support/DefaultListableBeanFactory$2
Event: 11.690 loading class org/springframework/beans/factory/support/DefaultListableBeanFactory$2 done
Event: 11.690 loading class org/springframework/beans/factory/ObjectProvider
Event: 11.690 loading class org/springframework/beans/factory/ObjectProvider done
Event: 11.690 loading class org/springframework/beans/factory/ObjectFactory
Event: 11.690 loading class org/springframework/beans/factory/ObjectFactory done
Event: 11.691 loading class org/springframework/core/OrderComparator$OrderSourceProvider
Event: 11.691 loading class org/springframework/core/OrderComparator$OrderSourceProvider done
Event: 11.691 Executing VM operation: CollectForMetadataAllocation


Dynamic libraries:
0x00007ff703100000 - 0x00007ff703137000 	C:\Program Files\Java\jdk1.8.0_181\bin\java.exe
0x00007ffde7ac0000 - 0x00007ffde7cb0000 	C:\WINDOWS\SYSTEM32\ntdll.dll
0x00007ffde6460000 - 0x00007ffde6512000 	C:\WINDOWS\System32\KERNEL32.DLL
0x00007ffde4af0000 - 0x00007ffde4d94000 	C:\WINDOWS\System32\KERNELBASE.dll
0x00007ffde5f20000 - 0x00007ffde5fc3000 	C:\WINDOWS\System32\ADVAPI32.dll
0x00007ffde7960000 - 0x00007ffde79fe000 	C:\WINDOWS\System32\msvcrt.dll
0x00007ffde72f0000 - 0x00007ffde7387000 	C:\WINDOWS\System32\sechost.dll
0x00007ffde5c20000 - 0x00007ffde5d40000 	C:\WINDOWS\System32\RPCRT4.dll
0x00007ffde7390000 - 0x00007ffde7524000 	C:\WINDOWS\System32\USER32.dll
0x00007ffde4a70000 - 0x00007ffde4a91000 	C:\WINDOWS\System32\win32u.dll
0x00007ffde61a0000 - 0x00007ffde61c6000 	C:\WINDOWS\System32\GDI32.dll
0x00007ffde4da0000 - 0x00007ffde4f35000 	C:\WINDOWS\System32\gdi32full.dll
0x00007ffde4f40000 - 0x00007ffde4fde000 	C:\WINDOWS\System32\msvcp_win.dll
0x00007ffde4fe0000 - 0x00007ffde50da000 	C:\WINDOWS\System32\ucrtbase.dll
0x00007ffdd6fb0000 - 0x00007ffdd7234000 	C:\WINDOWS\WinSxS\amd64_microsoft.windows.common-controls_6595b64144ccf1df_6.0.18362.900_none_e6beb9d913147d17\COMCTL32.dll
0x00007ffde7530000 - 0x00007ffde7865000 	C:\WINDOWS\System32\combase.dll
0x00007ffde50e0000 - 0x00007ffde5160000 	C:\WINDOWS\System32\bcryptPrimitives.dll
0x00007ffde6160000 - 0x00007ffde618e000 	C:\WINDOWS\System32\IMM32.DLL
0x0000000057d50000 - 0x0000000057e22000 	C:\Program Files\Java\jdk1.8.0_181\jre\bin\msvcr100.dll
0x0000000056920000 - 0x00000000571c2000 	C:\Program Files\Java\jdk1.8.0_181\jre\bin\server\jvm.dll
0x00007ffde6190000 - 0x00007ffde6198000 	C:\WINDOWS\System32\PSAPI.DLL
0x00007ffdd2990000 - 0x00007ffdd2999000 	C:\WINDOWS\SYSTEM32\WSOCK32.dll
0x00007ffde1210000 - 0x00007ffde1234000 	C:\WINDOWS\SYSTEM32\WINMM.dll
0x00007ffde6990000 - 0x00007ffde69ff000 	C:\WINDOWS\System32\WS2_32.dll
0x00007ffddece0000 - 0x00007ffddecea000 	C:\WINDOWS\SYSTEM32\VERSION.dll
0x00007ffde11e0000 - 0x00007ffde120d000 	C:\WINDOWS\SYSTEM32\WINMMBASE.dll
0x00007ffde4aa0000 - 0x00007ffde4aea000 	C:\WINDOWS\System32\cfgmgr32.dll
0x0000000057d40000 - 0x0000000057d4f000 	C:\Program Files\Java\jdk1.8.0_181\jre\bin\verify.dll
0x0000000057d10000 - 0x0000000057d39000 	C:\Program Files\Java\jdk1.8.0_181\jre\bin\java.dll
0x0000000057ce0000 - 0x0000000057d03000 	C:\Program Files\Java\jdk1.8.0_181\jre\bin\instrument.dll
0x0000000056900000 - 0x0000000056916000 	C:\Program Files\Java\jdk1.8.0_181\jre\bin\zip.dll
0x00007ffde6ac0000 - 0x00007ffde71a6000 	C:\WINDOWS\System32\SHELL32.dll
0x00007ffde6a10000 - 0x00007ffde6ab9000 	C:\WINDOWS\System32\shcore.dll
0x00007ffde5190000 - 0x00007ffde5910000 	C:\WINDOWS\System32\windows.storage.dll
0x00007ffde49b0000 - 0x00007ffde49d3000 	C:\WINDOWS\System32\profapi.dll
0x00007ffde49e0000 - 0x00007ffde4a2a000 	C:\WINDOWS\System32\powrprof.dll
0x00007ffde4980000 - 0x00007ffde4990000 	C:\WINDOWS\System32\UMPDC.dll
0x00007ffde5d40000 - 0x00007ffde5d92000 	C:\WINDOWS\System32\shlwapi.dll
0x00007ffde4a30000 - 0x00007ffde4a41000 	C:\WINDOWS\System32\kernel.appcore.dll
0x00007ffde4a50000 - 0x00007ffde4a67000 	C:\WINDOWS\System32\cryptsp.dll
0x00007ffdd3200000 - 0x00007ffdd321a000 	D:\idea\IntelliJ IDEA 2020.1\bin\breakgen64.dll
0x00000000568e0000 - 0x00000000568fa000 	C:\Program Files\Java\jdk1.8.0_181\jre\bin\net.dll
0x00007ffde41f0000 - 0x00007ffde4257000 	C:\WINDOWS\system32\mswsock.dll
0x00007ffde3d60000 - 0x00007ffde3d93000 	C:\WINDOWS\system32\rsaenh.dll
0x00007ffde5160000 - 0x00007ffde5186000 	C:\WINDOWS\System32\bcrypt.dll
0x00007ffde48a0000 - 0x00007ffde48c5000 	C:\WINDOWS\SYSTEM32\USERENV.dll
0x00007ffde43c0000 - 0x00007ffde43cc000 	C:\WINDOWS\SYSTEM32\CRYPTBASE.dll
0x00007ffde3f00000 - 0x00007ffde3f3a000 	C:\WINDOWS\SYSTEM32\IPHLPAPI.DLL
0x00007ffde6a00000 - 0x00007ffde6a08000 	C:\WINDOWS\System32\NSI.dll
0x00007ffdd8090000 - 0x00007ffdd80a6000 	C:\WINDOWS\SYSTEM32\dhcpcsvc6.DLL
0x00007ffdd8070000 - 0x00007ffdd808c000 	C:\WINDOWS\SYSTEM32\dhcpcsvc.DLL
0x00007ffde3f40000 - 0x00007ffde400b000 	C:\WINDOWS\SYSTEM32\DNSAPI.dll
0x00000000568c0000 - 0x00000000568d1000 	C:\Program Files\Java\jdk1.8.0_181\jre\bin\nio.dll
0x00007ffddfb60000 - 0x00007ffddfb6a000 	C:\Users\Aslopez\AppData\Local\Temp\jansi-1.17.1-5545397312744672762.dll
0x00007ffdd5110000 - 0x00007ffdd511a000 	C:\Users\Aslopez\AppData\Local\Temp\jansi-1.17.1-506214335247410333.dll
0x00000000568b0000 - 0x00000000568bd000 	C:\Program Files\Java\jdk1.8.0_181\jre\bin\management.dll

VM Arguments:
jvm_args: -Dmaven.multiModuleProjectDirectory=C:\Users\Aslopez\Desktop\2\DormManageSys -Dmaven.home=D:\maven\apache-maven-3.6.1 -Dclassworlds.conf=D:\maven\apache-maven-3.6.1\bin\m2.conf -Dmaven.ext.class.path=D:\idea\IntelliJ IDEA 2020.1\plugins\maven\lib\maven-event-listener.jar -javaagent:D:\idea\IntelliJ IDEA 2020.1\lib\idea_rt.jar=8471:D:\idea\IntelliJ IDEA 2020.1\bin -Dfile.encoding=UTF-8 
java_command: org.codehaus.classworlds.Launcher -Didea.version2020.1 -s D:\Maven\apache-maven-3.6.1\conf\settings.xml tomcat7:run
java_class_path (initial): D:\maven\apache-maven-3.6.1\boot\plexus-classworlds-2.6.0.jar;D:\idea\IntelliJ IDEA 2020.1\lib\idea_rt.jar
Launcher Type: SUN_STANDARD

Environment Variables:
JAVA_HOME=C:\Program Files\Java\jdk1.8.0_181
JRE_HOME=C:\Program Files\Java\jre1.8.0_231
CLASSPATH=.;%JAVA_HOME%\lib;%JAVA_HOME%\lib\tools.jar;C:\Program Files (x86)\Java\jre1.8.0_231\sqljdbc42.jar;
PATH=C:\PROGRA~2\Borland\CBUILD~1\Bin;C:\PROGRA~2\Borland\CBUILD~1\Projects\Bpl;C:\Program Files\Java\jdk1.8.0_181\bin;C:\Program Files\Java\jre1.8.0_181\bin;C:\Program Files (x86)\Common Files\Oracle\Java\javapath;C:\Program Files (x86)\Intel\Intel(R) Management Engine Components\iCLS\;C:\Program Files\Intel\Intel(R) Management Engine Components\iCLS\;C:\windows\system32;C:\windows;C:\windows\System32\Wbem;C:\windows\System32\WindowsPowerShell\v1.0\;C:\Program Files (x86)\NVIDIA Corporation\PhysX\Common;C:\WINDOWS\system32;C:\WINDOWS;C:\WINDOWS\System32\Wbem;C:\WINDOWS\System32\WindowsPowerShell\v1.0\;C:\Program Files (x86)\Intel\Intel(R) Management Engine Components\DAL;C:\Program Files\Intel\Intel(R) Management Engine Components\DAL;C:\Program Files (x86)\Intel\Intel(R) Management Engine Components\IPT;C:\Program Files\Intel\Intel(R) Management Engine Components\IPT;C:\WINDOWS\System32\OpenSSH\;C:\Program Files\NVIDIA Corporation\NVIDIA NvDLISR;D:\mysql-8.0.16-winx64;C:\Program Files\Intel\WiFi\bin\;C:\Program Files\Common Files\Intel\WirelessCommon\;C:\Program Files\Microsoft SQL Server\Client SDK\ODBC\130\Tools\Binn\;C:\Program Files (x86)\Microsoft SQL Server\140\Tools\Binn\;C:\Program Files\Microsoft SQL Server\140\Tools\Binn\;C:\Program Files\Microsoft SQL Server\140\DTS\Binn\;C:\Program Files (x86)\Microsoft SQL Server\150\DTS\Binn\;C:\WINDOWS\system32;C:\WINDOWS;C:\WINDOWS\System32\Wbem;C:\WINDOWS\System32\WindowsPowerShell\v1.0\;C:\WINDOWS\System32\OpenSSH\;C:\Program Files (x86)\Rational\common;C:\Program Files\dotnet\;C:\Program Files\Microsoft SQL Server\130\Tools\Binn\;D:\tomcat\apache-tomcat-9.0.35\bin;C:\Program Files\MySQL\MySQL Server 8.0\bin;%MAVEN_HOME%\bin;D:\tomcat\apache-tomcat-9.0.35\lib;C:\Users\Aslopez\AppData\Local\Microsoft\WindowsApps;C:\Users\Aslopez\.dotnet\tools;;D:\idea\IntelliJ IDEA 2020.1\bin;
USERNAME=Aslopez
OS=Windows_NT
PROCESSOR_IDENTIFIER=Intel64 Family 6 Model 158 Stepping 9, GenuineIntel



---------------  S Y S T E M  ---------------

OS: Windows 10.0 , 64 bit Build 18362 (10.0.18362.900)

CPU:total 4 (initial active 4) (4 cores per cpu, 1 threads per core) family 6 model 158 stepping 9, cmov, cx8, fxsr, mmx, sse, sse2, sse3, ssse3, sse4.1, sse4.2, popcnt, avx, avx2, aes, clmul, erms, 3dnowpref, lzcnt, tsc, tscinvbit, bmi1, bmi2, adx

Memory: 4k page, physical 16659688k(4928288k free), swap 32027408k(5712k free)

vm_info: Java HotSpot(TM) 64-Bit Server VM (25.181-b13) for windows-amd64 JRE (1.8.0_181-b13), built on Jul  7 2018 04:01:33 by "java_re" with MS VC++ 10.0 (VS2010)

time: Tue Jul 28 15:49:07 2020
elapsed time: 11 seconds (0d 0h 0m 11s)

